<?xml version="1.0" encoding="UTF-8"?>
<!-- Generated by org.testng.reporters.JUnitReportReporter -->
<testsuite hostname="LAPTOP-DK6TK74Q" failures="0" tests="1" name="MavenExecution.ReadDataFromCommandLineTest" time="0.038" errors="0" timestamp="26 Apr 2022 07:06:56 GMT" skipped="0">
  <testcase classname="MavenExecution.ReadDataFromCommandLineTest" name="readDataFromcmdTest" time="0.038"/>
</testsuite> <!-- MavenExecution.ReadDataFromCommandLineTest -->
